<?xml version="1.0" encoding="UTF-8"?>
<!-- Generated by org.testng.reporters.JUnitXMLReporter -->
<testsuite hostname="RSI1505" ignored="0" name="Default test" tests="2" failures="0" timestamp="2020-02-11T13:53:17 BRT" time="50.28" errors="0">
  <testcase name="CadastroInvalido" time="11.167" classname="br.com.rsinet.hub.ProjetoAppium.testes.Cadastro"/>
  <testcase name="CadastroValido" time="20.02" classname="br.com.rsinet.hub.ProjetoAppium.testes.Cadastro"/>
</testsuite> <!-- Default test -->
