<?xml version="1.0" encoding="UTF-8"?>
<!-- Generated by org.testng.reporters.JUnitXMLReporter -->
<testsuite hostname="RSI1505" ignored="0" name="Cadastro de um usuario" tests="2" failures="0" timestamp="2020-02-04T15:56:04 BRT" time="12.825" errors="0">
  <testcase name="@AfterMethod encerraReport" time="0.838" classname="br.com.rsinet.hub.ProjetoAppium.testes.Cadastro">
    <failure type="org.openqa.selenium.WebDriverException" message="An unknown server-side error occurred while processing the command. Original error: Could not proxy. Proxy error: Could not proxy command to remote server. Original error: 404 - undefined
Build info: version: &amp;apos;3.141.59&amp;apos;, revision: &amp;apos;e82be7d358&amp;apos;, time: &amp;apos;2018-11-14T08:25:48&amp;apos;
System info: host: &amp;apos;RSI1505&amp;apos;, ip: &amp;apos;10.1.11.154&amp;apos;, os.name: &amp;apos;Windows 10&amp;apos;, os.arch: &amp;apos;amd64&amp;apos;, os.version: &amp;apos;10.0&amp;apos;, java.version: &amp;apos;1.8.0_231&amp;apos;
Driver info: io.appium.java_client.android.AndroidDriver
Capabilities {appActivity: .SplashActivity, appPackage: com.Advantage.aShopping, databaseEnabled: false, desired: {appActivity: .SplashActivity, appPackage: com.Advantage.aShopping, deviceName: CelularDaGabi, platformName: android}, deviceApiLevel: 28, deviceManufacturer: Google, deviceModel: AOSP on IA Emulator, deviceName: emulator-5554, deviceScreenDensity: 440, deviceScreenSize: 1080x2220, deviceUDID: emulator-5554, javascriptEnabled: true, locationContextEnabled: false, networkConnectionEnabled: true, pixelRatio: 2.75, platform: LINUX, platformName: Android, platformVersion: 9, statBarHeight: 66, takesScreenshot: true, viewportRect: {height: 2022, left: 0, top: 66, width: 1080}, warnings: {}, webStorageEnabled: false}
Session ID: caf37743-76fa-4e7b-a5d6-11bf125dd685">
      <![CDATA[org.openqa.selenium.WebDriverException: An unknown server-side error occurred while processing the command. Original error: Could not proxy. Proxy error: Could not proxy command to remote server. Original error: 404 - undefined
Build info: version: '3.141.59', revision: 'e82be7d358', time: '2018-11-14T08:25:48'
System info: host: 'RSI1505', ip: '10.1.11.154', os.name: 'Windows 10', os.arch: 'amd64', os.version: '10.0', java.version: '1.8.0_231'
Driver info: io.appium.java_client.android.AndroidDriver
Capabilities {appActivity: .SplashActivity, appPackage: com.Advantage.aShopping, databaseEnabled: false, desired: {appActivity: .SplashActivity, appPackage: com.Advantage.aShopping, deviceName: CelularDaGabi, platformName: android}, deviceApiLevel: 28, deviceManufacturer: Google, deviceModel: AOSP on IA Emulator, deviceName: emulator-5554, deviceScreenDensity: 440, deviceScreenSize: 1080x2220, deviceUDID: emulator-5554, javascriptEnabled: true, locationContextEnabled: false, networkConnectionEnabled: true, pixelRatio: 2.75, platform: LINUX, platformName: Android, platformVersion: 9, statBarHeight: 66, takesScreenshot: true, viewportRect: {height: 2022, left: 0, top: 66, width: 1080}, warnings: {}, webStorageEnabled: false}
Session ID: caf37743-76fa-4e7b-a5d6-11bf125dd685
at org.openqa.selenium.remote.http.W3CHttpResponseCodec.createException(W3CHttpResponseCodec.java:187)
at org.openqa.selenium.remote.http.W3CHttpResponseCodec.decode(W3CHttpResponseCodec.java:122)
at org.openqa.selenium.remote.http.W3CHttpResponseCodec.decode(W3CHttpResponseCodec.java:49)
at org.openqa.selenium.remote.HttpCommandExecutor.execute(HttpCommandExecutor.java:158)
at io.appium.java_client.remote.AppiumCommandExecutor.execute(AppiumCommandExecutor.java:239)
at org.openqa.selenium.remote.RemoteWebDriver.execute(RemoteWebDriver.java:552)
at io.appium.java_client.DefaultGenericMobileDriver.execute(DefaultGenericMobileDriver.java:45)
at io.appium.java_client.AppiumDriver.execute(AppiumDriver.java:1)
at io.appium.java_client.android.AndroidDriver.execute(AndroidDriver.java:1)
at org.openqa.selenium.remote.RemoteWebDriver.close(RemoteWebDriver.java:442)
at br.com.rsinet.hub.ProjetoAppium.Manager.DriverManager.encerra(DriverManager.java:44)
at br.com.rsinet.hub.ProjetoAppium.testes.Cadastro.encerraReport(Cadastro.java:96)
at java.util.ArrayList.forEach(ArrayList.java:1257)
... Removed 36 stack frames]]>
    </failure>
  </testcase> <!-- @AfterMethod encerraReport -->
  <testcase name="@AfterMethod encerraReport" time="-1.580842564544E9" classname="br.com.rsinet.hub.ProjetoAppium.testes.Cadastro">
    <skipped/>
  </testcase> <!-- @AfterMethod encerraReport -->
  <testcase name="CadastroInvalido" time="11.969" classname="br.com.rsinet.hub.ProjetoAppium.testes.Cadastro"/>
  <testcase name="CadastroValido" time="0.0" classname="br.com.rsinet.hub.ProjetoAppium.testes.Cadastro">
    <skipped/>
  </testcase> <!-- CadastroValido -->
</testsuite> <!-- Cadastro de um usuario -->
