<?xml version="1.0" encoding="UTF-8"?>
<!-- Generated by org.testng.reporters.JUnitXMLReporter -->
<testsuite hostname="RSI1505" ignored="0" name="TESTES" tests="6" failures="0" timestamp="2020-02-11T14:03:35 BRT" time="120.604" errors="0">
  <testcase name="CadastroInvalido" time="11.649" classname="br.com.rsinet.hub.ProjetoAppium.testes.Cadastro"/>
  <testcase name="CadastroValido" time="18.194" classname="br.com.rsinet.hub.ProjetoAppium.testes.Cadastro"/>
  <testcase name="BuscaInvalida" time="3.346" classname="br.com.rsinet.hub.ProjetoAppium.testes.BuscaLupa"/>
  <testcase name="BuscaValida" time="4.162" classname="br.com.rsinet.hub.ProjetoAppium.testes.BuscaLupa"/>
  <testcase name="BuscaInvalida" time="10.64" classname="br.com.rsinet.hub.ProjetoAppium.testes.BuscaClique"/>
  <testcase name="BuscaValida" time="6.336" classname="br.com.rsinet.hub.ProjetoAppium.testes.BuscaClique"/>
</testsuite> <!-- TESTES -->
