<?xml version="1.0" encoding="UTF-8"?>
<!-- Generated by org.testng.reporters.JUnitXMLReporter -->
<testsuite hostname="RSI1505" ignored="0" name="TESTES" tests="6" failures="0" timestamp="2020-02-07T13:54:09 BRT" time="112.136" errors="0">
  <testcase name="CadastroInvalido" time="10.783" classname="br.com.rsinet.hub.ProjetoAppium.testes.Cadastro"/>
  <testcase name="CadastroValido" time="19.03" classname="br.com.rsinet.hub.ProjetoAppium.testes.Cadastro"/>
  <testcase name="BuscaInvalida" time="2.917" classname="br.com.rsinet.hub.ProjetoAppium.testes.BuscaLupa"/>
  <testcase name="BuscaValida" time="3.592" classname="br.com.rsinet.hub.ProjetoAppium.testes.BuscaLupa"/>
  <testcase name="BuscaInvalida" time="10.334" classname="br.com.rsinet.hub.ProjetoAppium.testes.BuscaClique"/>
  <testcase name="BuscaValida" time="5.636" classname="br.com.rsinet.hub.ProjetoAppium.testes.BuscaClique"/>
</testsuite> <!-- TESTES -->
